<?xml version="1.0" encoding="UTF-8"?>
<!-- Generated by org.testng.reporters.JUnitReportReporter -->
<testsuite skipped="0" hostname="hp" name="TestCases.CalenderTest" tests="1" failures="0" timestamp="09 Mar 2019 09:31:27 GMT" time="28.867" errors="0">
  <testcase name="login" time="28.867" classname="TestCases.CalenderTest"/>
</testsuite> <!-- TestCases.CalenderTest -->
