<?xml version="1.0" encoding="UTF-8"?>
<!-- Generated by org.testng.reporters.JUnitReportReporter -->
<testsuite skipped="0" hostname="hp" name="TestCases.CalenderTest" tests="1" failures="0" timestamp="09 Mar 2019 06:37:43 GMT" time="35.122" errors="0">
  <testcase name="login" time="35.122" classname="TestCases.CalenderTest"/>
</testsuite> <!-- TestCases.CalenderTest -->
